<?xml version="1.0" encoding="UTF-8"?>
<testsuite xmlns:xsi="http://www.w3.org/2001/XMLSchema-instance" xsi:noNamespaceSchemaLocation="https://maven.apache.org/surefire/maven-surefire-plugin/xsd/surefire-test-report-3.0.xsd" version="3.0" name="io.proj3ct.SpringEduBot.SpringEduBotApplicationTests" time="11.726" tests="1" errors="0" skipped="0" failures="0">
  <properties>
[...]
</properties>
  <testcase name="contextLoads" classname="io.proj3ct.SpringEduBot.SpringEduBotApplicationTests" time="0.913">
    <system-out><![CDATA[Standard Commons Logging discovery in action with spring-jcl: please remove commons-logging.jar from classpath in order to avoid potential conflicts
11:54:25.225 [main] INFO org.springframework.test.context.support.AnnotationConfigContextLoaderUtils -- Could not detect default configuration classes for test class [io.proj3ct.SpringEduBot.SpringEduBotApplicationTests]: SpringEduBotApplicationTests does not declare any static, non-private, non-final, nested classes annotated with @Configuration.
11:54:25.468 [main] INFO org.springframework.boot.test.context.SpringBootTestContextBootstrapper -- Found @SpringBootConfiguration io.proj3ct.SpringEduBot.SpringEduBotApplication for test class io.proj3ct.SpringEduBot.SpringEduBotApplicationTests

  .   ____          _            __ _ _
 /\\ / ___'_ __ _ _(_)_ __  __ _ \ \ \ \
( ( )\___ | '_ | '_| | '_ \/ _` | \ \ \ \
 \\/  ___)| |_)| | | | | || (_| |  ) ) ) )
  '  |____| .__|_| |_|_| |_\__, | / / / /
 =========|_|==============|___/=/_/_/_/
 :: Spring Boot ::                (v3.1.2)

Hibernate: alter table cards_table modify column added_at  datetime(6)
Hibernate: alter table cards_table modify column price  float(53)
Hibernate: alter table cards_table modify column rating  float(53)
Hibernate: alter table users_data_table modify column registered_at  datetime(6)
]]></system-out>
  </testcase>
</testsuite>